<?xml version="1.0" encoding="UTF-8"?>
<robot generator="Robot 6.1.1 (Python 3.11.5 on win32)" generated="20230903 18:17:12.787" rpa="false" schemaversion="4">
<suite id="s1" name="Ejercicio1" source="C:\Users\endor\OneDrive\Documentos\RobotContenido\Contenido\test\Ejercicio1.robot">
<test id="s1-t1" name="Valid Login" line="10">
<kw name="Open Browser To Login Page">
<kw name="Open Browser">
<arg>${LOGIN URL}</arg>
<arg>${BROWSER}</arg>
<msg timestamp="20230903 18:17:12.806" level="FAIL">No keyword with name 'Open Browser' found.</msg>
<status status="FAIL" starttime="20230903 18:17:12.806" endtime="20230903 18:17:12.806"/>
</kw>
<kw name="Title Should Be">
<arg>Login</arg>
<status status="NOT RUN" starttime="20230903 18:17:12.807" endtime="20230903 18:17:12.807"/>
</kw>
<status status="FAIL" starttime="20230903 18:17:12.805" endtime="20230903 18:17:12.807"/>
</kw>
<kw name="Input Username">
<arg>user</arg>
<status status="NOT RUN" starttime="20230903 18:17:12.807" endtime="20230903 18:17:12.807"/>
</kw>
<kw name="Input Password">
<arg>password1</arg>
<status status="NOT RUN" starttime="20230903 18:17:12.807" endtime="20230903 18:17:12.807"/>
</kw>
<kw name="Submit Credentials">
<status status="NOT RUN" starttime="20230903 18:17:12.807" endtime="20230903 18:17:12.807"/>
</kw>
<kw name="Welcome Page Should Be Open">
<status status="NOT RUN" starttime="20230903 18:17:12.807" endtime="20230903 18:17:12.807"/>
</kw>
<kw name="Close Browser" type="TEARDOWN">
<msg timestamp="20230903 18:17:12.808" level="FAIL">No keyword with name 'Close Browser' found.</msg>
<status status="FAIL" starttime="20230903 18:17:12.808" endtime="20230903 18:17:12.808">No keyword with name 'Close Browser' found.</status>
</kw>
<status status="FAIL" starttime="20230903 18:17:12.805" endtime="20230903 18:17:12.808">No keyword with name 'Open Browser' found.

Also teardown failed:
No keyword with name 'Close Browser' found.</status>
</test>
<doc>Simple example using SeleniumLibrary.</doc>
<status status="FAIL" starttime="20230903 18:17:12.788" endtime="20230903 18:17:12.809"/>
</suite>
<statistics>
<total>
<stat pass="0" fail="1" skip="0">All Tests</stat>
</total>
<tag>
</tag>
<suite>
<stat pass="0" fail="1" skip="0" id="s1" name="Ejercicio1">Ejercicio1</stat>
</suite>
</statistics>
<errors>
<msg timestamp="20230903 18:17:12.803" level="ERROR">Error in file 'C:\Users\endor\OneDrive\Documentos\RobotContenido\Contenido\test\Ejercicio1.robot' on line 3: Importing library 'SeleniumLibrary' failed: ModuleNotFoundError: No module named 'SeleniumLibrary'
Traceback (most recent call last):
  None
PYTHONPATH:
  C:\Users\endor\OneDrive\Documentos\RobotContenido\Contenido\dev\Scripts\robot.exe
  C:\Users\endor\AppData\Local\Programs\Python\Python311\python311.zip
  C:\Users\endor\AppData\Local\Programs\Python\Python311\DLLs
  C:\Users\endor\AppData\Local\Programs\Python\Python311\Lib
  C:\Users\endor\AppData\Local\Programs\Python\Python311
  C:\Users\endor\OneDrive\Documentos\RobotContenido\Contenido\dev
  C:\Users\endor\OneDrive\Documentos\RobotContenido\Contenido\dev\Lib\site-packages</msg>
</errors>
</robot>
